This is pdfTeX, Version 3.1415926-2.3-1.40.12 (TeX Live 2011) (format=pdflatex 2011.7.3)  15 MAY 2013 21:11
entering extended mode
 restricted \write18 enabled.
 %&-line parsing enabled.
**clusteringdoc.tex
(./clusteringdoc.tex
LaTeX2e <2009/09/24>
Babel <v3.8l> and hyphenation patterns for english, dumylang, nohyphenation, ge
rman-x-2009-06-19, ngerman-x-2009-06-19, afrikaans, ancientgreek, ibycus, arabi
c, armenian, basque, bulgarian, catalan, pinyin, coptic, croatian, czech, danis
h, dutch, ukenglish, usenglishmax, esperanto, estonian, ethiopic, farsi, finnis
h, french, galician, german, ngerman, swissgerman, monogreek, greek, hungarian,
 icelandic, assamese, bengali, gujarati, hindi, kannada, malayalam, marathi, or
iya, panjabi, tamil, telugu, indonesian, interlingua, irish, italian, kurmanji,
 lao, latin, latvian, lithuanian, mongolian, mongolianlmc, bokmal, nynorsk, pol
ish, portuguese, romanian, russian, sanskrit, serbian, serbianc, slovak, sloven
ian, spanish, swedish, turkish, turkmen, ukrainian, uppersorbian, welsh, loaded
.
(/Software/lion-local/texlive/2011/texmf-dist/tex/latex/base/article.cls
Document Class: article 2007/10/19 v1.4h Standard LaTeX document class
(/Software/lion-local/texlive/2011/texmf-dist/tex/latex/base/size12.clo
File: size12.clo 2007/10/19 v1.4h Standard LaTeX file (size option)
)
\c@part=\count79
\c@section=\count80
\c@subsection=\count81
\c@subsubsection=\count82
\c@paragraph=\count83
\c@subparagraph=\count84
\c@figure=\count85
\c@table=\count86
\abovecaptionskip=\skip41
\belowcaptionskip=\skip42
\bibindent=\dimen102
)
(/Software/lion-local/texlive/2011/texmf-dist/tex/latex/graphics/graphicx.sty
Package: graphicx 1999/02/16 v1.0f Enhanced LaTeX Graphics (DPC,SPQR)

(/Software/lion-local/texlive/2011/texmf-dist/tex/latex/graphics/keyval.sty
Package: keyval 1999/03/16 v1.13 key=value parser (DPC)
\KV@toks@=\toks14
)
(/Software/lion-local/texlive/2011/texmf-dist/tex/latex/graphics/graphics.sty
Package: graphics 2009/02/05 v1.0o Standard LaTeX Graphics (DPC,SPQR)

(/Software/lion-local/texlive/2011/texmf-dist/tex/latex/graphics/trig.sty
Package: trig 1999/03/16 v1.09 sin cos tan (DPC)
)
(/Software/lion-local/texlive/2011/texmf-dist/tex/latex/latexconfig/graphics.cf
g
File: graphics.cfg 2010/04/23 v1.9 graphics configuration of TeX Live
)
Package graphics Info: Driver file: pdftex.def on input line 91.

(/Software/lion-local/texlive/2011/texmf-dist/tex/latex/pdftex-def/pdftex.def
File: pdftex.def 2011/05/27 v0.06d Graphics/color for pdfTeX

(/Software/lion-local/texlive/2011/texmf-dist/tex/generic/oberdiek/infwarerr.st
y
Package: infwarerr 2010/04/08 v1.3 Providing info/warning/message (HO)
)
(/Software/lion-local/texlive/2011/texmf-dist/tex/generic/oberdiek/ltxcmds.sty
Package: ltxcmds 2011/04/18 v1.20 LaTeX kernel commands for general use (HO)
)
\Gread@gobject=\count87
))
\Gin@req@height=\dimen103
\Gin@req@width=\dimen104
) (./clusteringdoc.aux)
\openout1 = `clusteringdoc.aux'.

LaTeX Font Info:    Checking defaults for OML/cmm/m/it on input line 4.
LaTeX Font Info:    ... okay on input line 4.
LaTeX Font Info:    Checking defaults for T1/cmr/m/n on input line 4.
LaTeX Font Info:    ... okay on input line 4.
LaTeX Font Info:    Checking defaults for OT1/cmr/m/n on input line 4.
LaTeX Font Info:    ... okay on input line 4.
LaTeX Font Info:    Checking defaults for OMS/cmsy/m/n on input line 4.
LaTeX Font Info:    ... okay on input line 4.
LaTeX Font Info:    Checking defaults for OMX/cmex/m/n on input line 4.
LaTeX Font Info:    ... okay on input line 4.
LaTeX Font Info:    Checking defaults for U/cmr/m/n on input line 4.
LaTeX Font Info:    ... okay on input line 4.

(/Software/lion-local/texlive/2011/texmf-dist/tex/context/base/supp-pdf.mkii
[Loading MPS to PDF converter (version 2006.09.02).]
\scratchcounter=\count88
\scratchdimen=\dimen105
\scratchbox=\box26
\nofMPsegments=\count89
\nofMParguments=\count90
\everyMPshowfont=\toks15
\MPscratchCnt=\count91
\MPscratchDim=\dimen106
\MPnumerator=\count92
\makeMPintoPDFobject=\count93
\everyMPtoPDFconversion=\toks16
)
(/Software/lion-local/texlive/2011/texmf-dist/tex/generic/oberdiek/pdftexcmds.s
ty
Package: pdftexcmds 2011/04/22 v0.16 Utilities of pdfTeX for LuaTeX (HO)

(/Software/lion-local/texlive/2011/texmf-dist/tex/generic/oberdiek/ifluatex.sty
Package: ifluatex 2010/03/01 v1.3 Provides the ifluatex switch (HO)
Package ifluatex Info: LuaTeX not detected.
) (/Software/lion-local/texlive/2011/texmf-dist/tex/generic/oberdiek/ifpdf.sty
Package: ifpdf 2011/01/30 v2.3 Provides the ifpdf switch (HO)
Package ifpdf Info: pdfTeX in PDF mode is detected.
)
Package pdftexcmds Info: LuaTeX not detected.
Package pdftexcmds Info: \pdf@primitive is available.
Package pdftexcmds Info: \pdf@ifprimitive is available.
Package pdftexcmds Info: \pdfdraftmode found.
)
(/Software/lion-local/texlive/2011/texmf-dist/tex/latex/oberdiek/epstopdf-base.
sty
Package: epstopdf-base 2010/02/09 v2.5 Base part for package epstopdf
 (/Software/lion-local/texlive/2011/texmf-dist/tex/latex/oberdiek/grfext.sty
Package: grfext 2010/08/19 v1.1 Managing graphics extensions (HO)

(/Software/lion-local/texlive/2011/texmf-dist/tex/generic/oberdiek/kvdefinekeys
.sty
Package: kvdefinekeys 2011/04/07 v1.3 Defining keys (HO)
))
(/Software/lion-local/texlive/2011/texmf-dist/tex/latex/oberdiek/kvoptions.sty
Package: kvoptions 2010/12/23 v3.10 Keyval support for LaTeX options (HO)

(/Software/lion-local/texlive/2011/texmf-dist/tex/generic/oberdiek/kvsetkeys.st
y
Package: kvsetkeys 2011/04/07 v1.13 Key value parser (HO)

(/Software/lion-local/texlive/2011/texmf-dist/tex/generic/oberdiek/etexcmds.sty
Package: etexcmds 2011/02/16 v1.5 Prefix for e-TeX command names (HO)
Package etexcmds Info: Could not find \expanded.
(etexcmds)             That can mean that you are not using pdfTeX 1.50 or
(etexcmds)             that some package has redefined \expanded.
(etexcmds)             In the latter case, load this package earlier.
)))
Package grfext Info: Graphics extension search list:
(grfext)             [.png,.pdf,.jpg,.mps,.jpeg,.jbig2,.jb2,.PNG,.PDF,.JPG,.JPE
G,.JBIG2,.JB2,.eps]
(grfext)             \AppendGraphicsExtensions on input line 452.

(/Software/lion-local/texlive/2011/texmf-dist/tex/latex/latexconfig/epstopdf-sy
s.cfg
File: epstopdf-sys.cfg 2010/07/13 v1.3 Configuration of (r)epstopdf for TeX Liv
e
))
LaTeX Font Info:    External font `cmex10' loaded for size
(Font)              <12> on input line 20.
LaTeX Font Info:    External font `cmex10' loaded for size
(Font)              <8> on input line 20.
LaTeX Font Info:    External font `cmex10' loaded for size
(Font)              <6> on input line 20.

Overfull \hbox (0.26361pt too wide) in paragraph at lines 29--36
\OT1/cmr/m/n/12 points, $\OML/cmm/m/it/12 x[]; [] ; x[]$ \OT1/cmr/m/n/12 pre-vi
-ously as-signed to cen-ters $\OML/cmm/m/it/12 d[]; [] ; d[]$\OT1/cmr/m/n/12 . 
This means
 []

Missing character: There is no ‚ in font cmr12!
Missing character: There is no Ä in font cmr12!
Missing character: There is no ú in font cmr12!
Missing character: There is no ‚ in font cmr12!
Missing character: There is no Ä in font cmr12!
Missing character: There is no ù in font cmr12!
<SSEvsK-values.png, id=1, 578.16pt x 433.62pt>
File: SSEvsK-values.png Graphic file (type png)
 <use SSEvsK-values.png>
Package pdftex.def Info: SSEvsK-values.png used on input line 42.
(pdftex.def)             Requested size: 312.00119pt x 233.99913pt.


LaTeX Warning: `h' float specifier changed to `ht'.

[1

{/Software/lion-local/texlive/2011/texmf-var/fonts/map/pdftex/updmap/pdftex.map
}]
Overfull \hbox (3.9155pt too wide) detected at line 48
\OT1/cmr/m/n/12 1\OML/cmm/m/it/12 :\OT1/cmr/m/n/12 1402166700\OML/cmm/m/it/12 ;
 \OT1/cmr/m/n/12 0\OML/cmm/m/it/12 :\OT1/cmr/m/n/12 120837269\OML/cmm/m/it/12 ;
 \OT1/cmr/m/n/12 0\OML/cmm/m/it/12 :\OT1/cmr/m/n/12 241610808\OML/cmm/m/it/12 ;
 \OT1/cmr/m/n/12 0\OML/cmm/m/it/12 :\OT1/cmr/m/n/12 13463948847174742
 []

Missing character: There is no ‚ in font cmr12!
Missing character: There is no Ä in font cmr12!
Missing character: There is no ú in font cmr12!
Missing character: There is no ‚ in font cmr12!
Missing character: There is no Ä in font cmr12!
Missing character: There is no ù in font cmr12!
[2 <./SSEvsK-values.png>]
Overfull \hbox (11.16354pt too wide) in paragraph at lines 59--60
[]$\OML/cmm/m/it/12 C[]$\OT1/cmr/m/n/12 : 1.1957883896658879, 0.283185728768885
5, 0.6773784717388026,
 []


Overfull \hbox (17.03848pt too wide) in paragraph at lines 60--61
[]$\OML/cmm/m/it/12 C[]$\OT1/cmr/m/n/12 : 0.14578024655008265, 0.38863504103029
645, 1.016633382170557,
 []


Overfull \hbox (22.91342pt too wide) in paragraph at lines 61--62
[]$\OML/cmm/m/it/12 C[]$\OT1/cmr/m/n/12 : 1.6533165770665175, 0.060278004493291
19, 0.03643387226381733,
 []


Overfull \hbox (5.2886pt too wide) in paragraph at lines 62--63
[]$\OML/cmm/m/it/12 C[]$\OT1/cmr/m/n/12 : 4.686396688802443, 0.7722908086220749
, 0.5432474660336377,
 []

[3] (./clusteringdoc.aux) ) 
Here is how much of TeX's memory you used:
 1456 strings out of 493633
 21565 string characters out of 3143378
 76841 words of memory out of 3000000
 4765 multiletter control sequences out of 15000+200000
 6683 words of font info for 24 fonts, out of 3000000 for 9000
 831 hyphenation exceptions out of 8191
 37i,6n,23p,383b,357s stack positions out of 5000i,500n,10000p,200000b,50000s
</Software/lion-local/texlive/2011/texmf-dist/fonts/
type1/public/amsfonts/cm/cmbx12.pfb></Software/lion-local/texlive/2011/texmf-di
st/fonts/type1/public/amsfonts/cm/cmmi12.pfb></Software/lion-local/texlive/2011
/texmf-dist/fonts/type1/public/amsfonts/cm/cmmi8.pfb></Software/lion-local/texl
ive/2011/texmf-dist/fonts/type1/public/amsfonts/cm/cmr12.pfb></Software/lion-lo
cal/texlive/2011/texmf-dist/fonts/type1/public/amsfonts/cm/cmr8.pfb></Software/
lion-local/texlive/2011/texmf-dist/fonts/type1/public/amsfonts/cm/cmsy10.pfb>
Output written on clusteringdoc.pdf (3 pages, 94867 bytes).
PDF statistics:
 41 PDF objects out of 1000 (max. 8388607)
 27 compressed objects within 1 object stream
 0 named destinations out of 1000 (max. 500000)
 6 words of extra memory for PDF output out of 10000 (max. 10000000)

